  Plot2DViewer.cpp
c:\users\андрей\documents\компьютерная графика\plot2dviewer - first method\plot2dviewer\camera2d.h(16): warning C4244: 'return': conversion from 'double' to 'int', possible loss of data
c:\users\андрей\documents\компьютерная графика\plot2dviewer - first method\plot2dviewer\camera2d.h(21): warning C4244: 'return': conversion from 'double' to 'int', possible loss of data
c:\users\андрей\documents\компьютерная графика\plot2dviewer - first method\plot2dviewer\camera2d.h(76): warning C4244: 'argument': conversion from 'double' to 'int', possible loss of data
c:\users\андрей\documents\компьютерная графика\plot2dviewer - first method\plot2dviewer\camera2d.h(79): warning C4244: 'argument': conversion from 'double' to 'int', possible loss of data
c:\users\андрей\documents\компьютерная графика\plot2dviewer - first method\plot2dviewer\camera2d.h(101): warning C4244: 'argument': conversion from 'double' to 'int', possible loss of data
c:\users\андрей\documents\компьютерная графика\plot2dviewer - first method\plot2dviewer\camera2d.h(102): warning C4244: 'argument': conversion from 'double' to 'int', possible loss of data
c:\users\андрей\documents\компьютерная графика\plot2dviewer - first method\plot2dviewer\camera2d.h(104): warning C4244: 'argument': conversion from 'double' to 'int', possible loss of data
c:\users\андрей\documents\компьютерная графика\plot2dviewer - first method\plot2dviewer\camera2d.h(105): warning C4244: 'argument': conversion from 'double' to 'int', possible loss of data
c:\users\андрей\documents\компьютерная графика\plot2dviewer - first method\plot2dviewer\camera2d.h(123): warning C4244: '=': conversion from 'double' to 'float', possible loss of data
c:\users\андрей\documents\компьютерная графика\plot2dviewer - first method\plot2dviewer\affinetransform.h(70): warning C4244: 'initializing': conversion from 'double' to 'float', possible loss of data
c:\users\андрей\documents\компьютерная графика\plot2dviewer - first method\plot2dviewer\plot2dviewer.cpp(175): warning C4244: 'initializing': conversion from 'double' to 'float', possible loss of data
c:\users\андрей\documents\компьютерная графика\plot2dviewer - first method\plot2dviewer\plot2dviewer.cpp(176): warning C4244: 'initializing': conversion from 'double' to 'float', possible loss of data
c:\users\андрей\documents\компьютерная графика\plot2dviewer - first method\plot2dviewer\plot2dviewer.cpp(184): warning C4244: 'initializing': conversion from 'double' to 'float', possible loss of data
c:\users\андрей\documents\компьютерная графика\plot2dviewer - first method\plot2dviewer\plot2dviewer.cpp(185): warning C4244: 'initializing': conversion from 'double' to 'float', possible loss of data
c:\users\андрей\documents\компьютерная графика\plot2dviewer - first method\plot2dviewer\plot2dviewer.cpp(193): warning C4244: 'initializing': conversion from 'double' to 'float', possible loss of data
c:\users\андрей\documents\компьютерная графика\plot2dviewer - first method\plot2dviewer\plot2dviewer.cpp(194): warning C4244: 'initializing': conversion from 'double' to 'float', possible loss of data
c:\users\андрей\documents\компьютерная графика\plot2dviewer - first method\plot2dviewer\plot2dviewer.cpp(196): warning C4244: 'initializing': conversion from 'double' to 'float', possible loss of data
c:\users\андрей\documents\компьютерная графика\plot2dviewer - first method\plot2dviewer\plot2dviewer.cpp(197): warning C4244: 'initializing': conversion from 'double' to 'float', possible loss of data
c:\users\андрей\documents\компьютерная графика\plot2dviewer - first method\plot2dviewer\affinetransform.h(66): warning C4715: 'Mapping': not all control paths return a value
  Plot2DViewer.vcxproj -> C:\Users\Андрей\Documents\Компьютерная графика\Plot2DViewer - First Method\Debug\Plot2DViewer.exe
